

Microchip MPLAB XC8 Assembler V2.40 build 20220703182018 
                                                                                               Tue Mar 07 14:41:12 2023

Microchip MPLAB XC8 C Compiler v2.40 (Free license) build 20220703182018 Og1 
     1                           	processor	18F4550
     2                           	fnconf	rparam,??,?,0
     3                           	pagewidth 120
     4                           	opt	flic
     5                           	psect	idataCOMRAM,global,class=CODE,delta=1,noexec
     6                           	psect	cinit,global,reloc=2,class=CODE,delta=1
     7                           	psect	dataCOMRAM,global,class=COMRAM,space=1,delta=1,lowdata,noexec
     8                           	psect	cstackCOMRAM,global,class=COMRAM,space=1,delta=1,lowdata,noexec
     9                           	psect	text0,global,reloc=2,class=CODE,delta=1
    10                           	psect	intsave_regs,global,class=BIGRAM,space=1,delta=1,noexec
    11                           	psect	rparam,global,class=COMRAM,space=1,delta=1,noexec
    12                           	psect	idloc,global,abs,ovrld,class=IDLOC,space=5,delta=1,noexec
    13                           	psect	config,global,abs,ovrld,class=CONFIG,space=4,delta=1,noexec
    14   000000                     
    15                           ; Version 2.40
    16                           ; Generated 17/11/2021 GMT
    17                           ; 
    18                           ; Copyright © 2021, Microchip Technology Inc. and its subsidiaries ("Microchip")
    19                           ; All rights reserved.
    20                           ; 
    21                           ; This software is developed by Microchip Technology Inc. and its subsidiaries ("Microch
      +                          ip").
    22                           ; 
    23                           ; Redistribution and use in source and binary forms, with or without modification, are
    24                           ; permitted provided that the following conditions are met:
    25                           ; 
    26                           ;     1. Redistributions of source code must retain the above copyright notice, this lis
      +                          t of
    27                           ;        conditions and the following disclaimer.
    28                           ; 
    29                           ;     2. Redistributions in binary form must reproduce the above copyright notice, this 
      +                          list
    30                           ;        of conditions and the following disclaimer in the documentation and/or other
    31                           ;        materials provided with the distribution. Publication is not required when
    32                           ;        this file is used in an embedded application.
    33                           ; 
    34                           ;     3. Microchip's name may not be used to endorse or promote products derived from th
      +                          is
    35                           ;        software without specific prior written permission.
    36                           ; 
    37                           ; THIS SOFTWARE IS PROVIDED BY MICROCHIP "AS IS" AND ANY EXPRESS OR IMPLIED WARRANTIES,
    38                           ; INCLUDING, BUT NOT LIMITED TO, THE IMPLIED WARRANTIES OF MERCHANTABILITY AND FITNESS F
      +                          OR
    39                           ; PURPOSE ARE DISCLAIMED.  IN NO EVENT SHALL MICROCHIP BE LIABLE FOR ANY DIRECT, INDIREC
      +                          T,
    40                           ; INCIDENTAL, SPECIAL, EXEMPLARY, OR CONSEQUENTIAL DAMAGES (INCLUDING BUT NOT LIMITED TO
    41                           ; PROCUREMENT OF SUBSTITUTE GOODS OR SERVICES; LOSS OF USE, DATA OR PROFITS; OR BUSINESS
    42                           ; INTERRUPTION) HOWSOEVER CAUSED AND ON ANY THEORY OF LIABILITY, WHETHER IN CONTRACT, ST
      +                          RICT
    43                           ; LIABILITY, OR TORT (INCLUDING NEGLIGENCE OR OTHERWISE) ARISING IN ANY WAY OUT OF THE U
      +                          SE OF
    44                           ; THIS SOFTWARE, EVEN IF ADVISED OF THE POSSIBILITY OF SUCH DAMAGE.
    45                           ; 
    46                           ; 
    47                           ; Code-generator required, PIC18F4550 Definitions
    48                           ; 
    49                           ; SFR Addresses
    50   000000                     
    51                           	psect	idataCOMRAM
    52   007F0E                     __pidataCOMRAM:
    53                           	callstack 0
    54                           
    55                           ;initializer for _segAnode
    56   007F0E  C0                 	db	192
    57   007F0F  F9                 	db	249
    58   007F10  A4                 	db	164
    59   007F11  B0                 	db	176
    60   007F12  99                 	db	153
    61   007F13  92                 	db	146
    62   007F14  82                 	db	130
    63   007F15  F8                 	db	248
    64   007F16  80                 	db	128
    65   007F17  90                 	db	144
    66   000000                     _RB7	set	31759
    67   000000                     _PORTB	set	3969
    68   000000                     _PORTD	set	3971
    69   000000                     _LATB	set	3978
    70   000000                     _LATD	set	3980
    71   000000                     _TRISB	set	3987
    72   000000                     _TRISD	set	3989
    73                           
    74                           ; #config settings
    75                           
    76                           	psect	cinit
    77   007F18                     __pcinit:
    78                           	callstack 0
    79   007F18                     start_initialization:
    80                           	callstack 0
    81   007F18                     __initialization:
    82                           	callstack 0
    83                           
    84                           ; Initialize objects allocated to COMRAM (10 bytes)
    85                           ; load TBLPTR registers with __pidataCOMRAM
    86   007F18  0E0E               	movlw	low __pidataCOMRAM
    87   007F1A  6EF6               	movwf	tblptrl,c
    88   007F1C  0E7F               	movlw	high __pidataCOMRAM
    89   007F1E  6EF7               	movwf	tblptrh,c
    90   007F20  0E00               	movlw	low (__pidataCOMRAM shr (0+16))
    91   007F22  6EF8               	movwf	tblptru,c
    92   007F24  EE00  F001         	lfsr	0,__pdataCOMRAM
    93   007F28  EE10 F00A          	lfsr	1,10
    94   007F2C                     copy_data0:
    95   007F2C  0009               	tblrd		*+
    96   007F2E  CFF5 FFEE          	movff	tablat,postinc0
    97   007F32  50E5               	movf	postdec1,w,c
    98   007F34  50E1               	movf	fsr1l,w,c
    99   007F36  E1FA               	bnz	copy_data0
   100   007F38                     end_of_initialization:
   101                           	callstack 0
   102   007F38                     __end_of__initialization:
   103                           	callstack 0
   104   007F38  0100               	movlb	0
   105   007F3A  EF9F  F03F         	goto	_main	;jump to C main() function
   106                           
   107                           	psect	dataCOMRAM
   108   000001                     __pdataCOMRAM:
   109                           	callstack 0
   110   000001                     _segAnode:
   111                           	callstack 0
   112   000001                     	ds	10
   113                           
   114                           	psect	cstackCOMRAM
   115   00000B                     __pcstackCOMRAM:
   116                           	callstack 0
   117   00000B                     ??_main:
   118                           
   119                           ; 1 bytes @ 0x0
   120   00000B                     	ds	2
   121   00000D                     main@i:
   122                           	callstack 0
   123                           
   124                           ; 2 bytes @ 0x2
   125   00000D                     	ds	2
   126   00000F                     main@i_44:
   127                           	callstack 0
   128                           
   129                           ; 2 bytes @ 0x4
   130   00000F                     	ds	2
   131                           
   132 ;;
   133 ;;Main: autosize = 0, tempsize = 2, incstack = 0, save=0
   134 ;;
   135 ;; *************** function _main *****************
   136 ;; Defined at:
   137 ;;		line 8 in file "Code.c"
   138 ;; Parameters:    Size  Location     Type
   139 ;;		None
   140 ;; Auto vars:     Size  Location     Type
   141 ;;  i               2    4[COMRAM] int 
   142 ;;  i               2    2[COMRAM] int 
   143 ;; Return value:  Size  Location     Type
   144 ;;                  1    wreg      void 
   145 ;; Registers used:
   146 ;;		wreg, fsr2l, fsr2h, status,2, status,0
   147 ;; Tracked objects:
   148 ;;		On entry : 0/0
   149 ;;		On exit  : 0/0
   150 ;;		Unchanged: 0/0
   151 ;; Data sizes:     COMRAM   BANK0   BANK1   BANK2   BANK3   BANK4   BANK5   BANK6   BANK7
   152 ;;      Params:         0       0       0       0       0       0       0       0       0
   153 ;;      Locals:         4       0       0       0       0       0       0       0       0
   154 ;;      Temps:          2       0       0       0       0       0       0       0       0
   155 ;;      Totals:         6       0       0       0       0       0       0       0       0
   156 ;;Total ram usage:        6 bytes
   157 ;; This function calls:
   158 ;;		Nothing
   159 ;; This function is called by:
   160 ;;		Startup code after reset
   161 ;; This function uses a non-reentrant model
   162 ;;
   163                           
   164                           	psect	text0
   165   007F3E                     __ptext0:
   166                           	callstack 0
   167   007F3E                     _main:
   168                           	callstack 31
   169   007F3E                     
   170                           ;Code.c: 10:     PORTB = 0x00;
   171   007F3E  0E00               	movlw	0
   172   007F40  6E81               	movwf	129,c	;volatile
   173                           
   174                           ;Code.c: 11:     LATB = 0x00;
   175   007F42  0E00               	movlw	0
   176   007F44  6E8A               	movwf	138,c	;volatile
   177                           
   178                           ;Code.c: 12:     PORTD = 0x00;
   179   007F46  0E00               	movlw	0
   180   007F48  6E83               	movwf	131,c	;volatile
   181                           
   182                           ;Code.c: 13:     LATD = 0x00;
   183   007F4A  0E00               	movlw	0
   184   007F4C  6E8C               	movwf	140,c	;volatile
   185                           
   186                           ;Code.c: 16:     TRISD = 0;
   187   007F4E  0E00               	movlw	0
   188   007F50  6E95               	movwf	149,c	;volatile
   189                           
   190                           ;Code.c: 17:     TRISB = 1;
   191   007F52  0E01               	movlw	1
   192   007F54  6E93               	movwf	147,c	;volatile
   193   007F56                     
   194                           ;Code.c: 19:     if (RB7 == 0){
   195   007F56  BE81               	btfsc	3969,7,c	;volatile
   196   007F58  EFB0  F03F         	goto	u11
   197   007F5C  EFB2  F03F         	goto	u10
   198   007F60                     u11:
   199   007F60  EFDC  F03F         	goto	l723
   200   007F64                     u10:
   201   007F64                     
   202                           ;Code.c: 20:         for (int i = 0; i < 10; i++){
   203   007F64  0E00               	movlw	0
   204   007F66  6E0E               	movwf	(main@i+1)^0,c
   205   007F68  0E00               	movlw	0
   206   007F6A  6E0D               	movwf	main@i^0,c
   207   007F6C                     l715:
   208                           
   209                           ;Code.c: 21:             PORTD = segAnode[i];
   210   007F6C  0E01               	movlw	low _segAnode
   211   007F6E  240D               	addwf	main@i^0,w,c
   212   007F70  6ED9               	movwf	fsr2l,c
   213   007F72  0E00               	movlw	high _segAnode
   214   007F74  200E               	addwfc	(main@i+1)^0,w,c
   215   007F76  6EDA               	movwf	fsr2h,c
   216   007F78  50DF               	movf	indf2,w,c
   217   007F7A  6E83               	movwf	131,c	;volatile
   218   007F7C                     
   219                           ;Code.c: 22:             _delay((unsigned long)((1000)*(20000000/4000.0)));
   220   007F7C  0E1A               	movlw	26
   221   007F7E  6E0C               	movwf	(??_main+1)^0,c
   222   007F80  0E5E               	movlw	94
   223   007F82  6E0B               	movwf	??_main^0,c
   224   007F84  0E6E               	movlw	110
   225   007F86                     u47:
   226   007F86  2EE8               	decfsz	wreg,f,c
   227   007F88  D7FE               	bra	u47
   228   007F8A  2E0B               	decfsz	??_main^0,f,c
   229   007F8C  D7FC               	bra	u47
   230   007F8E  2E0C               	decfsz	(??_main+1)^0,f,c
   231   007F90  D7FA               	bra	u47
   232   007F92  D000               	nop2	
   233   007F94                     
   234                           ;Code.c: 23:         }
   235   007F94  4A0D               	infsnz	main@i^0,f,c
   236   007F96  2A0E               	incf	(main@i+1)^0,f,c
   237   007F98  BE0E               	btfsc	(main@i+1)^0,7,c
   238   007F9A  EFD8  F03F         	goto	u21
   239   007F9E  500E               	movf	(main@i+1)^0,w,c
   240   007FA0  E109               	bnz	u20
   241   007FA2  0E0A               	movlw	10
   242   007FA4  5C0D               	subwf	main@i^0,w,c
   243   007FA6  A0D8               	btfss	status,0,c
   244   007FA8  EFD8  F03F         	goto	u21
   245   007FAC  EFDA  F03F         	goto	u20
   246   007FB0                     u21:
   247   007FB0  EFB6  F03F         	goto	l715
   248   007FB4                     u20:
   249   007FB4  EFFE  F03F         	goto	l29
   250   007FB8                     l723:
   251                           
   252                           ;Code.c: 25:         for(int i = 9; i >= 0; i--){
   253   007FB8  0E00               	movlw	0
   254   007FBA  6E10               	movwf	(main@i_44+1)^0,c
   255   007FBC  0E09               	movlw	9
   256   007FBE  6E0F               	movwf	main@i_44^0,c
   257   007FC0                     l729:
   258                           
   259                           ;Code.c: 26:             PORTD = segAnode[i];
   260   007FC0  0E01               	movlw	low _segAnode
   261   007FC2  240F               	addwf	main@i_44^0,w,c
   262   007FC4  6ED9               	movwf	fsr2l,c
   263   007FC6  0E00               	movlw	high _segAnode
   264   007FC8  2010               	addwfc	(main@i_44+1)^0,w,c
   265   007FCA  6EDA               	movwf	fsr2h,c
   266   007FCC  50DF               	movf	indf2,w,c
   267   007FCE  6E83               	movwf	131,c	;volatile
   268   007FD0                     
   269                           ;Code.c: 27:             _delay((unsigned long)((1000)*(20000000/4000.0)));
   270   007FD0  0E1A               	movlw	26
   271   007FD2  6E0C               	movwf	(??_main+1)^0,c
   272   007FD4  0E5E               	movlw	94
   273   007FD6  6E0B               	movwf	??_main^0,c
   274   007FD8  0E6E               	movlw	110
   275   007FDA                     u57:
   276   007FDA  2EE8               	decfsz	wreg,f,c
   277   007FDC  D7FE               	bra	u57
   278   007FDE  2E0B               	decfsz	??_main^0,f,c
   279   007FE0  D7FC               	bra	u57
   280   007FE2  2E0C               	decfsz	(??_main+1)^0,f,c
   281   007FE4  D7FA               	bra	u57
   282   007FE6  D000               	nop2	
   283   007FE8                     
   284                           ;Code.c: 28:         }
   285   007FE8  060F               	decf	main@i_44^0,f,c
   286   007FEA  A0D8               	btfss	status,0,c
   287   007FEC  0610               	decf	(main@i_44+1)^0,f,c
   288   007FEE  BE10               	btfsc	(main@i_44+1)^0,7,c
   289   007FF0  EFFE  F03F         	goto	u30
   290   007FF4  EFFC  F03F         	goto	u31
   291   007FF8                     u31:
   292   007FF8  EFE0  F03F         	goto	l729
   293   007FFC                     u30:
   294   007FFC                     l29:
   295   007FFC  EF00  F000         	goto	start
   296   008000                     __end_of_main:
   297                           	callstack 0
   298   000000                     
   299                           	psect	rparam
   300   000000                     
   301                           	psect	idloc
   302                           
   303                           ;Config register IDLOC0 @ 0x200000
   304                           ;	unspecified, using default values
   305   200000                     	org	2097152
   306   200000  FF                 	db	255
   307                           
   308                           ;Config register IDLOC1 @ 0x200001
   309                           ;	unspecified, using default values
   310   200001                     	org	2097153
   311   200001  FF                 	db	255
   312                           
   313                           ;Config register IDLOC2 @ 0x200002
   314                           ;	unspecified, using default values
   315   200002                     	org	2097154
   316   200002  FF                 	db	255
   317                           
   318                           ;Config register IDLOC3 @ 0x200003
   319                           ;	unspecified, using default values
   320   200003                     	org	2097155
   321   200003  FF                 	db	255
   322                           
   323                           ;Config register IDLOC4 @ 0x200004
   324                           ;	unspecified, using default values
   325   200004                     	org	2097156
   326   200004  FF                 	db	255
   327                           
   328                           ;Config register IDLOC5 @ 0x200005
   329                           ;	unspecified, using default values
   330   200005                     	org	2097157
   331   200005  FF                 	db	255
   332                           
   333                           ;Config register IDLOC6 @ 0x200006
   334                           ;	unspecified, using default values
   335   200006                     	org	2097158
   336   200006  FF                 	db	255
   337                           
   338                           ;Config register IDLOC7 @ 0x200007
   339                           ;	unspecified, using default values
   340   200007                     	org	2097159
   341   200007  FF                 	db	255
   342                           
   343                           	psect	config
   344                           
   345                           ;Config register CONFIG1L @ 0x300000
   346                           ;	PLL Prescaler Selection bits
   347                           ;	PLLDIV = 1, No prescale (4 MHz oscillator input drives PLL directly)
   348                           ;	System Clock Postscaler Selection bits
   349                           ;	CPUDIV = OSC1_PLL2, [Primary Oscillator Src: /1][96 MHz PLL Src: /2]
   350                           ;	USB Clock Selection bit (used in Full-Speed USB mode only; UCFG:FSEN = 1)
   351                           ;	USBDIV = 1, USB clock source comes directly from the primary oscillator block with no 
      +                          postscale
   352   300000                     	org	3145728
   353   300000  00                 	db	0
   354                           
   355                           ;Config register CONFIG1H @ 0x300001
   356                           ;	Oscillator Selection bits
   357                           ;	FOSC = HS, HS oscillator (HS)
   358                           ;	Fail-Safe Clock Monitor Enable bit
   359                           ;	FCMEN = OFF, Fail-Safe Clock Monitor disabled
   360                           ;	Internal/External Oscillator Switchover bit
   361                           ;	IESO = OFF, Oscillator Switchover mode disabled
   362   300001                     	org	3145729
   363   300001  0C                 	db	12
   364                           
   365                           ;Config register CONFIG2L @ 0x300002
   366                           ;	Power-up Timer Enable bit
   367                           ;	PWRT = OFF, PWRT disabled
   368                           ;	Brown-out Reset Enable bits
   369                           ;	BOR = OFF, Brown-out Reset disabled in hardware and software
   370                           ;	Brown-out Reset Voltage bits
   371                           ;	BORV = 3, Minimum setting 2.05V
   372                           ;	USB Voltage Regulator Enable bit
   373                           ;	VREGEN = OFF, USB voltage regulator disabled
   374   300002                     	org	3145730
   375   300002  19                 	db	25
   376                           
   377                           ;Config register CONFIG2H @ 0x300003
   378                           ;	Watchdog Timer Enable bit
   379                           ;	WDT = OFF, WDT disabled (control is placed on the SWDTEN bit)
   380                           ;	Watchdog Timer Postscale Select bits
   381                           ;	WDTPS = 32768, 1:32768
   382   300003                     	org	3145731
   383   300003  1E                 	db	30
   384                           
   385                           ; Padding undefined space
   386   300004                     	org	3145732
   387   300004  FF                 	db	255
   388                           
   389                           ;Config register CONFIG3H @ 0x300005
   390                           ;	CCP2 MUX bit
   391                           ;	CCP2MX = OFF, CCP2 input/output is multiplexed with RB3
   392                           ;	PORTB A/D Enable bit
   393                           ;	PBADEN = OFF, PORTB<4:0> pins are configured as digital I/O on Reset
   394                           ;	Low-Power Timer 1 Oscillator Enable bit
   395                           ;	LPT1OSC = OFF, Timer1 configured for higher power operation
   396                           ;	MCLR Pin Enable bit
   397                           ;	MCLRE = ON, MCLR pin enabled; RE3 input pin disabled
   398   300005                     	org	3145733
   399   300005  80                 	db	128
   400                           
   401                           ;Config register CONFIG4L @ 0x300006
   402                           ;	Stack Full/Underflow Reset Enable bit
   403                           ;	STVREN = OFF, Stack full/underflow will not cause Reset
   404                           ;	Single-Supply ICSP Enable bit
   405                           ;	LVP = OFF, Single-Supply ICSP disabled
   406                           ;	Dedicated In-Circuit Debug/Programming Port (ICPORT) Enable bit
   407                           ;	ICPRT = OFF, ICPORT disabled
   408                           ;	Extended Instruction Set Enable bit
   409                           ;	XINST = OFF, Instruction set extension and Indexed Addressing mode disabled (Legacy mo
      +                          de)
   410                           ;	Background Debugger Enable bit
   411                           ;	DEBUG = 0x1, unprogrammed default
   412   300006                     	org	3145734
   413   300006  80                 	db	128
   414                           
   415                           ; Padding undefined space
   416   300007                     	org	3145735
   417   300007  FF                 	db	255
   418                           
   419                           ;Config register CONFIG5L @ 0x300008
   420                           ;	Code Protection bit
   421                           ;	CP0 = OFF, Block 0 (000800-001FFFh) is not code-protected
   422                           ;	Code Protection bit
   423                           ;	CP1 = OFF, Block 1 (002000-003FFFh) is not code-protected
   424                           ;	Code Protection bit
   425                           ;	CP2 = OFF, Block 2 (004000-005FFFh) is not code-protected
   426                           ;	Code Protection bit
   427                           ;	CP3 = OFF, Block 3 (006000-007FFFh) is not code-protected
   428   300008                     	org	3145736
   429   300008  0F                 	db	15
   430                           
   431                           ;Config register CONFIG5H @ 0x300009
   432                           ;	Boot Block Code Protection bit
   433                           ;	CPB = OFF, Boot block (000000-0007FFh) is not code-protected
   434                           ;	Data EEPROM Code Protection bit
   435                           ;	CPD = OFF, Data EEPROM is not code-protected
   436   300009                     	org	3145737
   437   300009  C0                 	db	192
   438                           
   439                           ;Config register CONFIG6L @ 0x30000A
   440                           ;	Write Protection bit
   441                           ;	WRT0 = OFF, Block 0 (000800-001FFFh) is not write-protected
   442                           ;	Write Protection bit
   443                           ;	WRT1 = OFF, Block 1 (002000-003FFFh) is not write-protected
   444                           ;	Write Protection bit
   445                           ;	WRT2 = OFF, Block 2 (004000-005FFFh) is not write-protected
   446                           ;	Write Protection bit
   447                           ;	WRT3 = OFF, Block 3 (006000-007FFFh) is not write-protected
   448   30000A                     	org	3145738
   449   30000A  0F                 	db	15
   450                           
   451                           ;Config register CONFIG6H @ 0x30000B
   452                           ;	Configuration Register Write Protection bit
   453                           ;	WRTC = OFF, Configuration registers (300000-3000FFh) are not write-protected
   454                           ;	Boot Block Write Protection bit
   455                           ;	WRTB = OFF, Boot block (000000-0007FFh) is not write-protected
   456                           ;	Data EEPROM Write Protection bit
   457                           ;	WRTD = OFF, Data EEPROM is not write-protected
   458   30000B                     	org	3145739
   459   30000B  E0                 	db	224
   460                           
   461                           ;Config register CONFIG7L @ 0x30000C
   462                           ;	Table Read Protection bit
   463                           ;	EBTR0 = OFF, Block 0 (000800-001FFFh) is not protected from table reads executed in ot
      +                          her blocks
   464                           ;	Table Read Protection bit
   465                           ;	EBTR1 = OFF, Block 1 (002000-003FFFh) is not protected from table reads executed in ot
      +                          her blocks
   466                           ;	Table Read Protection bit
   467                           ;	EBTR2 = OFF, Block 2 (004000-005FFFh) is not protected from table reads executed in ot
      +                          her blocks
   468                           ;	Table Read Protection bit
   469                           ;	EBTR3 = OFF, Block 3 (006000-007FFFh) is not protected from table reads executed in ot
      +                          her blocks
   470   30000C                     	org	3145740
   471   30000C  0F                 	db	15
   472                           
   473                           ;Config register CONFIG7H @ 0x30000D
   474                           ;	Boot Block Table Read Protection bit
   475                           ;	EBTRB = OFF, Boot block (000000-0007FFh) is not protected from table reads executed in
      +                           other blocks
   476   30000D                     	org	3145741
   477   30000D  40                 	db	64
   478                           tosu	equ	0xFFF
   479                           tosh	equ	0xFFE
   480                           tosl	equ	0xFFD
   481                           stkptr	equ	0xFFC
   482                           pclatu	equ	0xFFB
   483                           pclath	equ	0xFFA
   484                           pcl	equ	0xFF9
   485                           tblptru	equ	0xFF8
   486                           tblptrh	equ	0xFF7
   487                           tblptrl	equ	0xFF6
   488                           tablat	equ	0xFF5
   489                           prodh	equ	0xFF4
   490                           prodl	equ	0xFF3
   491                           indf0	equ	0xFEF
   492                           postinc0	equ	0xFEE
   493                           postdec0	equ	0xFED
   494                           preinc0	equ	0xFEC
   495                           plusw0	equ	0xFEB
   496                           fsr0h	equ	0xFEA
   497                           fsr0l	equ	0xFE9
   498                           wreg	equ	0xFE8
   499                           indf1	equ	0xFE7
   500                           postinc1	equ	0xFE6
   501                           postdec1	equ	0xFE5
   502                           preinc1	equ	0xFE4
   503                           plusw1	equ	0xFE3
   504                           fsr1h	equ	0xFE2
   505                           fsr1l	equ	0xFE1
   506                           bsr	equ	0xFE0
   507                           indf2	equ	0xFDF
   508                           postinc2	equ	0xFDE
   509                           postdec2	equ	0xFDD
   510                           preinc2	equ	0xFDC
   511                           plusw2	equ	0xFDB
   512                           fsr2h	equ	0xFDA
   513                           fsr2l	equ	0xFD9
   514                           status	equ	0xFD8

Data Sizes:
    Strings     0
    Constant    0
    Data        10
    BSS         0
    Persistent  0
    Stack       0

Auto Spaces:
    Space          Size  Autos    Used
    COMRAM           95      6      16
    BANK0           160      0       0
    BANK1           256      0       0
    BANK2           256      0       0
    BANK3           256      0       0
    BANK4           256      0       0
    BANK5           256      0       0
    BANK6           256      0       0
    BANK7           256      0       0

Pointer List with Targets:

    None.

Critical Paths under _main in COMRAM

    None.

Critical Paths under _main in BANK0

    None.

Critical Paths under _main in BANK1

    None.

Critical Paths under _main in BANK2

    None.

Critical Paths under _main in BANK3

    None.

Critical Paths under _main in BANK4

    None.

Critical Paths under _main in BANK5

    None.

Critical Paths under _main in BANK6

    None.

Critical Paths under _main in BANK7

    None.

Call Graph Tables:

 ---------------------------------------------------------------------------------
 (Depth) Function   	        Calls       Base Space   Used Autos Params    Refs
 ---------------------------------------------------------------------------------
 (0) _main                                                 6     6      0      90
                                              0 COMRAM     6     6      0
 ---------------------------------------------------------------------------------
 Estimated maximum stack depth 0
 ---------------------------------------------------------------------------------

 Call Graph Graphs:

 _main (ROOT)

 Address spaces:
Name               Size   Autos  Total    Cost      Usage
BIGRAM             7FF      0       0      28        0.0%
EEDATA             100      0       0       0        0.0%
BITBANK7           100      0       0      18        0.0%
BANK7              100      0       0      19        0.0%
BITBANK6           100      0       0      16        0.0%
BANK6              100      0       0      17        0.0%
BITBANK5           100      0       0      14        0.0%
BANK5              100      0       0      15        0.0%
BITBANK4           100      0       0      12        0.0%
BANK4              100      0       0      13        0.0%
BITBANK3           100      0       0      10        0.0%
BANK3              100      0       0      11        0.0%
BITBANK2           100      0       0       8        0.0%
BANK2              100      0       0       9        0.0%
BITBANK1           100      0       0       6        0.0%
BANK1              100      0       0       7        0.0%
BITBANK0            A0      0       0       4        0.0%
BANK0               A0      0       0       5        0.0%
BITBIGSFRhhhh       6A      0       0      20        0.0%
BITCOMRAM           5F      0       0       0        0.0%
COMRAM              5F      6      10       1       16.8%
BITBIGSFRl          21      0       0      26        0.0%
BITBIGSFRhhhll       6      0       0      22        0.0%
BITBIGSFRhlh         6      0       0      24        0.0%
BITBIGSFRhhhlh       1      0       0      21        0.0%
BITBIGSFRhhl         1      0       0      23        0.0%
BITBIGSFRhll         1      0       0      25        0.0%
BIGSFR               0      0       0     200        0.0%
BITSFR               0      0       0     200        0.0%
SFR                  0      0       0     200        0.0%
STACK                0      0       0       2        0.0%
NULL                 0      0       0       0        0.0%
ABS                  0      0      10      27        0.0%
DATA                 0      0      10       3        0.0%
CODE                 0      0       0       0        0.0%


Microchip Technology PIC18 Macro Assembler V2.40 build 20220703182018 
Symbol Table                                                                                   Tue Mar 07 14:41:12 2023

                     l29 7FFC                       u10 7F64                       u11 7F60  
                     u20 7FB4                       u21 7FB0                       u30 7FFC  
                     u31 7FF8                       u47 7F86                       u57 7FDA  
                    l721 7F98                      l705 7F3E                      l731 7FD0  
                    l715 7F6C                      l723 7FB8                      l707 7F56  
                    l733 7FE8                      l717 7F7C                      l709 7F64  
                    l735 7FEE                      l719 7F94                      l729 7FC0  
                    _RB7 007C0F                      wreg 000FE8                     _LATB 000F8A  
                   _LATD 000F8C                     _main 7F3E                     indf2 000FDF  
                   fsr1l 000FE1                     fsr2l 000FD9                     start 0000  
           ___param_bank 000000                    ?_main 000B                    _PORTB 000F81  
                  _PORTD 000F83                    _TRISB 000F93                    _TRISD 000F95  
                  main@i 000D                    tablat 000FF5                    status 000FD8  
        __initialization 7F18             __end_of_main 8000                   ??_main 000B  
          __activetblptr 000000                   isa$std 000001             __pdataCOMRAM 0001  
                 tblptrh 000FF7                   tblptrl 000FF6                   tblptru 000FF8  
             __accesstop 0060  __end_of__initialization 7F38            ___rparam_used 000001  
         __pcstackCOMRAM 000B                  __Hparam 0000                  __Lparam 0000  
                __pcinit 7F18                  __ramtop 0800                  __ptext0 7F3E  
   end_of_initialization 7F38                  postdec1 000FE5                  postinc0 000FEE  
          __pidataCOMRAM 7F0E      start_initialization 7F18                copy_data0 7F2C  
               __Hrparam 0000                 __Lrparam 0000                 _segAnode 0001  
               isa$xinst 000000                 main@i_44 000F  
